<?xml version="1.0" encoding="UTF-8"?>
<!-- Generated by org.testng.reporters.JUnitReportReporter -->
<testsuite hostname="DESKTOP-CS660UK" failures="0" tests="1" name="testCases.TC008_AddingToWishList" time="4.045" errors="0" timestamp="2024-08-12T02:16:32 CEST" skipped="0">
  <testcase classname="testCases.TC008_AddingToWishList" name="verify_adding_to_wish_list" time="4.045"/>
  <system-out/>
</testsuite> <!-- testCases.TC008_AddingToWishList -->
