<?xml version="1.0" encoding="UTF-8"?>
<!-- Generated by org.testng.reporters.JUnitReportReporter -->
<testsuite hostname="DESKTOP-CS660UK" failures="0" tests="1" name="testCases.TC004_LogoutTest" time="2.613" errors="0" timestamp="2024-07-26T16:02:53 CEST" skipped="0">
  <testcase classname="testCases.TC004_LogoutTest" name="verify_logout" time="2.613"/>
  <system-out/>
</testsuite> <!-- testCases.TC004_LogoutTest -->
