<?xml version="1.0" encoding="UTF-8"?>
<!-- Generated by org.testng.reporters.JUnitReportReporter -->
<testsuite hostname="DESKTOP-CS660UK" failures="0" tests="5" name="testCases.TC003_LoginDDT" time="37.451" errors="0" timestamp="2024-07-23T00:39:19 CEST" skipped="0">
  <testcase classname="testCases.TC003_LoginDDT" name="verify_loginDDT" time="11.007"/>
  <system-out/>
  <testcase classname="testCases.TC003_LoginDDT" name="verify_loginDDT" time="1.890"/>
  <system-out/>
  <testcase classname="testCases.TC003_LoginDDT" name="verify_loginDDT" time="11.343"/>
  <system-out/>
  <testcase classname="testCases.TC003_LoginDDT" name="verify_loginDDT" time="11.017"/>
  <system-out/>
  <testcase classname="testCases.TC003_LoginDDT" name="verify_loginDDT" time="2.194"/>
  <system-out/>
</testsuite> <!-- testCases.TC003_LoginDDT -->
