<?xml version="1.0" encoding="UTF-8"?>
<!-- Generated by org.testng.reporters.JUnitReportReporter -->
<testsuite hostname="DESKTOP-CS660UK" failures="0" tests="1" name="testCases.TC001_AccountRegistrationTest" time="2.630" errors="0" timestamp="2024-07-26T14:54:13 CEST" skipped="0">
  <testcase classname="testCases.TC001_AccountRegistrationTest" name="verify_account_registration" time="2.630"/>
  <system-out/>
</testsuite> <!-- testCases.TC001_AccountRegistrationTest -->
