<?xml version="1.0" encoding="UTF-8"?>
<!-- Generated by org.testng.reporters.JUnitReportReporter -->
<testsuite hostname="DESKTOP-CS660UK" failures="0" tests="1" name="testCases.TC015_BrandsProductsDisplay" time="1.157" errors="0" timestamp="2024-08-25T23:17:08 CEST" skipped="0">
  <testcase classname="testCases.TC015_BrandsProductsDisplay" name="verify_displaying_sony_products" time="1.157"/>
  <system-out/>
</testsuite> <!-- testCases.TC015_BrandsProductsDisplay -->
