<?xml version="1.0" encoding="UTF-8"?>
<!-- Generated by org.testng.reporters.JUnitReportReporter -->
<testsuite hostname="DESKTOP-CS660UK" failures="0" tests="1" name="testCases.TC005_ForgotPassword" time="2.303" errors="0" timestamp="2024-07-26T16:02:53 CEST" skipped="0">
  <testcase classname="testCases.TC005_ForgotPassword" name="verify_forgotten_password" time="2.303"/>
  <system-out/>
</testsuite> <!-- testCases.TC005_ForgotPassword -->
