<?xml version="1.0" encoding="UTF-8"?>
<!-- Generated by org.testng.reporters.JUnitReportReporter -->
<testsuite hostname="DESKTOP-CS660UK" failures="0" tests="1" name="testCases.TC012_AddAddressBook" time="5.438" errors="0" timestamp="2024-08-16T15:37:57 CEST" skipped="0">
  <testcase classname="testCases.TC012_AddAddressBook" name="verify_adding_address_book" time="5.438"/>
  <system-out/>
</testsuite> <!-- testCases.TC012_AddAddressBook -->
