<?xml version="1.0" encoding="UTF-8"?>
<!-- Generated by org.testng.reporters.JUnitReportReporter -->
<testsuite hostname="DESKTOP-CS660UK" failures="0" tests="1" name="testCases.TC007_AddingToCart" time="1.024" errors="0" timestamp="2024-08-12T00:27:40 CEST" skipped="0">
  <testcase classname="testCases.TC007_AddingToCart" name="verify_adding_to_cart" time="1.024"/>
  <system-out/>
</testsuite> <!-- testCases.TC007_AddingToCart -->
