<?xml version="1.0" encoding="UTF-8"?>
<!-- Generated by org.testng.reporters.JUnitReportReporter -->
<testsuite hostname="DESKTOP-CS660UK" failures="0" tests="1" name="testCases.TC013_InformationTest" time="0.533" errors="0" timestamp="2024-08-19T00:45:19 CEST" skipped="0">
  <testcase classname="testCases.TC013_InformationTest" name="verify_about_us_information_section" time="0.533"/>
  <system-out/>
</testsuite> <!-- testCases.TC013_InformationTest -->
