<?xml version="1.0" encoding="UTF-8"?>
<!-- Generated by org.testng.reporters.JUnitReportReporter -->
<testsuite hostname="DESKTOP-CS660UK" failures="0" tests="1" name="testCases.TC010_ReviewAdding" time="3.777" errors="0" timestamp="2024-08-15T23:53:33 CEST" skipped="0">
  <testcase classname="testCases.TC010_ReviewAdding" name="verify_review_adding" time="3.777"/>
  <system-out/>
</testsuite> <!-- testCases.TC010_ReviewAdding -->
