<?xml version="1.0" encoding="UTF-8"?>
<!-- Generated by org.testng.reporters.JUnitReportReporter -->
<testsuite hostname="DESKTOP-CS660UK" failures="0" tests="1" name="testCases.TC014_ReturningOrderTest" time="2.869" errors="0" timestamp="2024-08-25T23:17:08 CEST" skipped="0">
  <testcase classname="testCases.TC014_ReturningOrderTest" name="verify_returning_an_order" time="2.869"/>
  <system-out/>
</testsuite> <!-- testCases.TC014_ReturningOrderTest -->
