<?xml version="1.0" encoding="UTF-8"?>
<!-- Generated by org.testng.reporters.JUnitReportReporter -->
<testsuite hostname="DESKTOP-CS660UK" failures="0" tests="1" name="testCases.TC011_EditAccountTest" time="6.802" errors="0" timestamp="2024-08-15T23:56:53 CEST" skipped="0">
  <testcase classname="testCases.TC011_EditAccountTest" name="verify_editing_account_information" time="6.802"/>
  <system-out/>
</testsuite> <!-- testCases.TC011_EditAccountTest -->
