<?xml version="1.0" encoding="UTF-8"?>
<!-- Generated by org.testng.reporters.JUnitReportReporter -->
<testsuite hostname="DESKTOP-CS660UK" failures="0" tests="1" name="testCases.TC009_CurrencySwitch" time="0.921" errors="0" timestamp="2024-08-15T23:53:33 CEST" skipped="0">
  <testcase classname="testCases.TC009_CurrencySwitch" name="verify_currency_switch" time="0.921"/>
  <system-out/>
</testsuite> <!-- testCases.TC009_CurrencySwitch -->
