<?xml version="1.0" encoding="UTF-8"?>
<!-- Generated by org.testng.reporters.JUnitReportReporter -->
<testsuite hostname="DESKTOP-CS660UK" failures="0" tests="1" name="testCases.TC002_LoginTest" time="1.686" errors="0" timestamp="2024-07-26T14:54:13 CEST" skipped="0">
  <testcase classname="testCases.TC002_LoginTest" name="verify_login" time="1.686"/>
  <system-out/>
</testsuite> <!-- testCases.TC002_LoginTest -->
