<?xml version="1.0" encoding="UTF-8"?>
<!-- Generated by org.testng.reporters.JUnitReportReporter -->
<testsuite hostname="DESKTOP-CS660UK" failures="0" tests="1" name="testCases.TC006_SearchTest" time="0.881" errors="0" timestamp="2024-07-28T22:03:33 CEST" skipped="0">
  <testcase classname="testCases.TC006_SearchTest" name="verify_search" time="0.881"/>
</testsuite> <!-- testCases.TC006_SearchTest -->
